\BOOKMARK [0][-]{chapter*.1}{LEMBAR PENGESAHAN}{}% 1
\BOOKMARK [0][-]{chapter*.2}{LEMBAR PENGESAHAN DOSEN PENGUJI}{}% 2
\BOOKMARK [0][-]{chapter*.3}{HALAMAN PERSEMBAHAN}{}% 3
\BOOKMARK [0][-]{chapter*.4}{HALAMAN MOTTO}{}% 4
\BOOKMARK [0][-]{chapter*.5}{KATA PENGANTAR}{}% 5
\BOOKMARK [0][-]{chapter*.6}{DAFTAR ISI}{}% 6
\BOOKMARK [0][-]{chapter*.7}{DAFTAR TABEL}{}% 7
\BOOKMARK [0][-]{chapter*.8}{DAFTAR GAMBAR}{}% 8
\BOOKMARK [0][-]{chapter*.9}{DAFTAR SINGKATAN}{}% 9
\BOOKMARK [0][-]{chapter*.10}{Intisari}{}% 10
\BOOKMARK [0][-]{chapter*.11}{Abstract}{}% 11
\BOOKMARK [0][-]{chapter.1}{LATAR BELAKANG}{}% 12
\BOOKMARK [1][-]{section.1.1}{Latar Belakang Masalah}{chapter.1}% 13
\BOOKMARK [1][-]{section.1.2}{Rumusan Masalah}{chapter.1}% 14
\BOOKMARK [1][-]{section.1.3}{Batasan Masalah}{chapter.1}% 15
\BOOKMARK [1][-]{section.1.4}{Tujuan Penelitian}{chapter.1}% 16
\BOOKMARK [1][-]{section.1.5}{Manfaat Penelitian}{chapter.1}% 17
\BOOKMARK [2][-]{subsection.1.5.1}{Manfaat untuk Peneliti}{section.1.5}% 18
\BOOKMARK [2][-]{subsection.1.5.2}{Manfaat untuk Kampus}{section.1.5}% 19
\BOOKMARK [2][-]{subsection.1.5.3}{Manfaat untuk Industri}{section.1.5}% 20
\BOOKMARK [1][-]{section.1.6}{Sistematika Penulisan}{chapter.1}% 21
\BOOKMARK [0][-]{chapter.2}{TINJAUAN PUSTAKA DAN DASAR TEORI}{}% 22
\BOOKMARK [1][-]{section.2.1}{Tinjauan Pustaka}{chapter.2}% 23
\BOOKMARK [1][-]{section.2.2}{Landasan Teori}{chapter.2}% 24
\BOOKMARK [2][-]{subsection.2.2.1}{Sentuhan Afektif}{section.2.2}% 25
\BOOKMARK [2][-]{subsection.2.2.2}{Teori Duplex}{section.2.2}% 26
\BOOKMARK [2][-]{subsection.2.2.3}{Dimensionalitas Persepsi Sentuhan}{section.2.2}% 27
\BOOKMARK [2][-]{subsection.2.2.4}{Fourier Transform}{section.2.2}% 28
\BOOKMARK [2][-]{subsection.2.2.5}{Multidimensional Scaling}{section.2.2}% 29
\BOOKMARK [2][-]{subsection.2.2.6}{Python}{section.2.2}% 30
\BOOKMARK [0][-]{chapter.3}{METODOLOGI PENELITIAN}{}% 31
\BOOKMARK [1][-]{section.3.1}{Alat dan Bahan}{chapter.3}% 32
\BOOKMARK [2][-]{subsection.3.1.1}{Perangkat Keras}{section.3.1}% 33
\BOOKMARK [2][-]{subsection.3.1.2}{Perangkat Lunak}{section.3.1}% 34
\BOOKMARK [1][-]{section.3.2}{Alur Penelitian}{chapter.3}% 35
\BOOKMARK [1][-]{section.3.3}{Tahapan Pelaksanaan}{chapter.3}% 36
\BOOKMARK [1][-]{section.3.4}{Jadwal Kegiatan}{chapter.3}% 37
\BOOKMARK [0][-]{chapter.4}{HASIL DAN PEMBAHASAN}{}% 38
\BOOKMARK [1][-]{section.4.1}{Subbab 1}{chapter.4}% 39
\BOOKMARK [1][-]{section.4.2}{Subbab 2}{chapter.4}% 40
\BOOKMARK [2][-]{subsection.4.2.1}{Subsubbab 2 1}{section.4.2}% 41
\BOOKMARK [2][-]{subsection.4.2.2}{Subsubbab 2 2}{section.4.2}% 42
\BOOKMARK [1][-]{section.4.3}{Subab 3}{chapter.4}% 43
\BOOKMARK [0][-]{chapter.5}{KESIMPULAN DAN SARAN}{}% 44
\BOOKMARK [1][-]{section.5.1}{Kesimpulan}{chapter.5}% 45
\BOOKMARK [1][-]{section.5.2}{Saran}{chapter.5}% 46
\BOOKMARK [0][-]{chapter*.15}{DAFTAR PUSTAKA}{}% 47
